<?xml version="1.0" encoding="UTF-8"?>
<!-- Generated by org.testng.reporters.JUnitReportReporter -->
<testsuite hostname="LAPTOP-TKO3L4O5" failures="0" tests="1" name="utility.Baseclasses" time="13.072" errors="0" timestamp="2021-11-29T17:08:43 IST" skipped="0">
  <testcase classname="utility.Baseclasses" name="organization" time="13.072"/>
  <system-out/>
</testsuite> <!-- utility.Baseclasses -->
