<?xml version="1.0" encoding="UTF-8"?>
<!-- Generated by org.testng.reporters.JUnitReportReporter -->
<testsuite hostname="LAPTOP-TKO3L4O5" failures="0" tests="1" name="fileutilitytest.createorganizationtype" time="24.248" errors="0" timestamp="2021-12-01T12:38:18 IST" skipped="0">
  <testcase classname="fileutilitytest.createorganizationtype" name="createindtype" time="24.248"/>
  <system-out/>
</testsuite> <!-- fileutilitytest.createorganizationtype -->
