<?xml version="1.0" encoding="UTF-8"?>
<!-- Generated by org.testng.reporters.JUnitReportReporter -->
<testsuite hostname="LAPTOP-TKO3L4O5" failures="0" tests="1" name="fileutilitytest.createleadTest" time="19.238" errors="0" timestamp="2021-12-16T11:14:07 IST" skipped="0">
  <testcase classname="fileutilitytest.createleadTest" name="lead" time="19.238"/>
  <system-out/>
</testsuite> <!-- fileutilitytest.createleadTest -->
