<?xml version="1.0" encoding="UTF-8"?>
<!-- Generated by org.testng.reporters.JUnitReportReporter -->
<testsuite hostname="LAPTOP-TKO3L4O5" failures="0" tests="1" name="com.comvtiger.genericjavautilities.javautilities" time="0.013" errors="0" timestamp="2021-11-24T12:50:46 IST" skipped="0">
  <testcase classname="com.comvtiger.genericjavautilities.javautilities" name="getrandomnumber" time="0.013"/>
  <system-out/>
</testsuite> <!-- com.comvtiger.genericjavautilities.javautilities -->
