<?xml version="1.0" encoding="UTF-8"?>
<!-- Generated by org.testng.reporters.JUnitReportReporter -->
<testsuite hostname="LAPTOP-TKO3L4O5" failures="0" tests="1" name="com.crm.vtiger.dataprovider.Createorgtest" time="0.016" errors="0" timestamp="2021-11-29T13:19:44 IST" skipped="0">
  <testcase classname="com.crm.vtiger.dataprovider.Createorgtest" name="conFigTE" time="0.016"/>
  <system-out/>
</testsuite> <!-- com.crm.vtiger.dataprovider.Createorgtest -->
