<?xml version="1.0" encoding="UTF-8"?>
<!-- Generated by org.testng.reporters.JUnitReportReporter -->
<testsuite hostname="LAPTOP-TKO3L4O5" failures="0" tests="1" name="JDBC.executeupdate" time="0.327" errors="0" timestamp="2021-12-16T17:55:18 IST" skipped="0">
  <testcase classname="JDBC.executeupdate" name="insertintotable" time="0.327"/>
  <system-out/>
</testsuite> <!-- JDBC.executeupdate -->
