<?xml version="1.0" encoding="UTF-8"?>
<!-- Generated by org.testng.reporters.JUnitReportReporter -->
<testsuite hostname="LAPTOP-TKO3L4O5" failures="0" tests="1" name="fileutilitytest.createorgwithindustry" time="14.676" errors="0" timestamp="2022-01-05T14:50:26 IST" skipped="0">
  <testcase classname="fileutilitytest.createorgwithindustry" name="createorgindus" time="14.676"/>
  <system-out/>
</testsuite> <!-- fileutilitytest.createorgwithindustry -->
