<?xml version="1.0" encoding="UTF-8"?>
<!-- Generated by org.testng.reporters.JUnitReportReporter -->
<testsuite hostname="LAPTOP-TKO3L4O5" failures="0" tests="1" name="pomcreateorgan.createleadpom" time="17.155" errors="0" timestamp="2021-12-01T17:21:26 IST" skipped="0">
  <testcase classname="pomcreateorgan.createleadpom" name="leadorg" time="17.155"/>
  <system-out/>
</testsuite> <!-- pomcreateorgan.createleadpom -->
