<?xml version="1.0" encoding="UTF-8"?>
<!-- Generated by org.testng.reporters.JUnitReportReporter -->
<testsuite hostname="LAPTOP-TKO3L4O5" failures="0" tests="1" name="pomcreateorgan.createleadTest" time="10.813" errors="0" timestamp="2021-12-09T15:41:47 IST" skipped="0">
  <testcase classname="pomcreateorgan.createleadTest" name="lead" time="10.813"/>
  <system-out/>
</testsuite> <!-- pomcreateorgan.createleadTest -->
