<?xml version="1.0" encoding="UTF-8"?>
<!-- Generated by org.testng.reporters.JUnitReportReporter -->
<testsuite hostname="LAPTOP-TKO3L4O5" failures="0" tests="1" name="utility.Baseclassutility" time="13.181" errors="0" timestamp="2021-11-29T17:10:46 IST" skipped="0">
  <testcase classname="utility.Baseclassutility" name="createorganization" time="13.181"/>
  <system-out/>
</testsuite> <!-- utility.Baseclassutility -->
