<?xml version="1.0" encoding="UTF-8"?>
<!-- Generated by org.testng.reporters.JUnitReportReporter -->
<testsuite hostname="LAPTOP-TKO3L4O5" failures="0" tests="1" name="utility.javautility" time="0.038" errors="0" timestamp="2021-12-08T13:00:12 IST" skipped="0">
  <testcase classname="utility.javautility" name="getSysDate" time="0.038"/>
  <system-out/>
</testsuite> <!-- utility.javautility -->
