<?xml version="1.0" encoding="UTF-8"?>
<!-- Generated by org.testng.reporters.JUnitReportReporter -->
<testsuite hostname="LAPTOP-TKO3L4O5" failures="0" tests="1" name="fileutilitytest.createorgwithindustry" time="25.335" errors="0" timestamp="2021-12-08T17:27:46 IST" skipped="0">
  <testcase classname="fileutilitytest.createorgwithindustry" name="createorgindus" time="25.335"/>
  <system-out/>
</testsuite> <!-- fileutilitytest.createorgwithindustry -->
