<?xml version="1.0" encoding="UTF-8"?>
<!-- Generated by org.testng.reporters.JUnitReportReporter -->
<testsuite hostname="LAPTOP-TKO3L4O5" failures="0" tests="1" name="JDBC.executequery2" time="0.359" errors="0" timestamp="2021-12-16T21:44:27 IST" skipped="0">
  <testcase classname="JDBC.executequery2" name="executequery" time="0.359"/>
  <system-out/>
</testsuite> <!-- JDBC.executequery2 -->
