<?xml version="1.0" encoding="UTF-8"?>
<!-- Generated by org.testng.reporters.JUnitReportReporter -->
<testsuite hostname="LAPTOP-TKO3L4O5" failures="0" tests="1" name="fileutilitytest.CreateOrg" time="15.255" errors="0" timestamp="2022-01-05T14:41:27 IST" skipped="0">
  <testcase classname="fileutilitytest.CreateOrg" name="clickOrgLink" time="15.255"/>
  <system-out/>
</testsuite> <!-- fileutilitytest.CreateOrg -->
