<?xml version="1.0" encoding="UTF-8"?>
<!-- Generated by org.testng.reporters.JUnitReportReporter -->
<testsuite hostname="LAPTOP-TKO3L4O5" failures="0" tests="2" name="pomcreateorgan.createopp" time="33.770" errors="0" timestamp="2021-12-07T13:16:54 IST" skipped="0">
  <testcase classname="pomcreateorgan.createopp" name="opportunity" time="16.782"/>
  <system-out/>
  <testcase classname="pomcreateorgan.createopp" name="opportunity" time="16.988"/>
  <system-out/>
</testsuite> <!-- pomcreateorgan.createopp -->
