<?xml version="1.0" encoding="UTF-8"?>
<!-- Generated by org.testng.reporters.JUnitReportReporter -->
<testsuite hostname="LAPTOP-TKO3L4O5" failures="0" tests="1" name="fileutilitytest.createleadTest" time="11.998" errors="0" timestamp="2022-01-05T16:16:33 IST" skipped="0">
  <testcase classname="fileutilitytest.createleadTest" name="lead" time="11.998"/>
  <system-out/>
</testsuite> <!-- fileutilitytest.createleadTest -->
