<?xml version="1.0" encoding="UTF-8"?>
<!-- Generated by org.testng.reporters.JUnitReportReporter -->
<testsuite hostname="LAPTOP-TKO3L4O5" failures="0" tests="1" name="utility.baseclass1" time="13.601" errors="0" timestamp="2021-11-29T16:46:07 IST" skipped="0">
  <testcase classname="utility.baseclass1" name="organization" time="13.601"/>
  <system-out/>
</testsuite> <!-- utility.baseclass1 -->
