<?xml version="1.0" encoding="UTF-8"?>
<!-- Generated by org.testng.reporters.JUnitReportReporter -->
<testsuite hostname="LAPTOP-TKO3L4O5" failures="0" tests="1" name="crm.testcase" time="33.858" errors="0" timestamp="2021-11-26T17:41:38 IST" skipped="0">
  <testcase classname="crm.testcase" name="signIn" time="33.858"/>
  <system-out/>
</testsuite> <!-- crm.testcase -->
