<?xml version="1.0" encoding="UTF-8"?>
<!-- Generated by org.testng.reporters.JUnitReportReporter -->
<testsuite hostname="LAPTOP-TKO3L4O5" failures="0" tests="1" name="ecommerceshopping.readDatafromDbUsingUtility" time="0.077" errors="0" timestamp="2021-11-24T10:26:47 IST" skipped="0">
  <testcase classname="ecommerceshopping.readDatafromDbUsingUtility" name="execute" time="0.077"/>
  <system-out/>
</testsuite> <!-- ecommerceshopping.readDatafromDbUsingUtility -->
