<?xml version="1.0" encoding="UTF-8"?>
<!-- Generated by org.testng.reporters.JUnitReportReporter -->
<testsuite hostname="LAPTOP-TKO3L4O5" failures="0" tests="5" name="com.crm.vtiger.dataprovider.dataproviderdemotest" time="0.037" errors="0" timestamp="2021-11-26T11:51:05 IST" skipped="0">
  <testcase classname="com.crm.vtiger.dataprovider.dataproviderdemotest" name="ticketbooking" time="0.006"/>
  <system-out/>
  <testcase classname="com.crm.vtiger.dataprovider.dataproviderdemotest" name="ticketbooking" time="0.006"/>
  <system-out/>
  <testcase classname="com.crm.vtiger.dataprovider.dataproviderdemotest" name="ticketbooking" time="0.003"/>
  <system-out/>
  <testcase classname="com.crm.vtiger.dataprovider.dataproviderdemotest" name="ticketbooking" time="0.009"/>
  <system-out/>
  <testcase classname="com.crm.vtiger.dataprovider.dataproviderdemotest" name="ticketbooking" time="0.013"/>
  <system-out/>
</testsuite> <!-- com.crm.vtiger.dataprovider.dataproviderdemotest -->
