<?xml version="1.0" encoding="UTF-8"?>
<!-- Generated by org.testng.reporters.JUnitReportReporter -->
<testsuite hostname="LAPTOP-TKO3L4O5" failures="0" tests="1" name="utility.Baseclass" time="0.084" errors="0" timestamp="2021-11-29T17:30:15 IST" skipped="0">
  <testcase classname="utility.Baseclass" name="executequeryandgetdata" time="0.084"/>
  <system-out/>
</testsuite> <!-- utility.Baseclass -->
