<?xml version="1.0" encoding="UTF-8"?>
<!-- Generated by org.testng.reporters.JUnitReportReporter -->
<testsuite hostname="LAPTOP-TKO3L4O5" failures="0" tests="1" name="pomcreateorgan.CreateorgtTst" time="18.139" errors="0" timestamp="2021-12-07T15:19:04 IST" skipped="0">
  <testcase classname="pomcreateorgan.CreateorgtTst" name="clickOrgLink" time="18.139"/>
  <system-out/>
</testsuite> <!-- pomcreateorgan.CreateorgtTst -->
