<?xml version="1.0" encoding="UTF-8"?>
<!-- Generated by org.testng.reporters.JUnitReportReporter -->
<testsuite hostname="LAPTOP-TKO3L4O5" failures="0" tests="2" name="pomcreateorgan.CreateOrg" time="40.000" errors="0" timestamp="2021-12-07T14:02:22 IST" skipped="0">
  <testcase classname="pomcreateorgan.CreateOrg" name="clickOrgLink" time="23.112"/>
  <system-out/>
  <testcase classname="pomcreateorgan.CreateOrg" name="clickOrgLink" time="16.888"/>
  <system-out/>
</testsuite> <!-- pomcreateorgan.CreateOrg -->
