<?xml version="1.0" encoding="UTF-8"?>
<!-- Generated by org.testng.reporters.JUnitReportReporter -->
<testsuite hostname="LAPTOP-TKO3L4O5" failures="0" tests="1" name="pomcreateorgan.createproducts" time="8.883" errors="0" timestamp="2021-12-01T17:29:00 IST" skipped="0">
  <testcase classname="pomcreateorgan.createproducts" name="products" time="8.883"/>
  <system-out/>
</testsuite> <!-- pomcreateorgan.createproducts -->
