<?xml version="1.0" encoding="UTF-8"?>
<!-- Generated by org.testng.reporters.JUnitReportReporter -->
<testsuite hostname="LAPTOP-TKO3L4O5" failures="0" tests="1" name="pomcreateorgan.createcontancts" time="9.011" errors="0" timestamp="2021-12-01T17:48:14 IST" skipped="0">
  <testcase classname="pomcreateorgan.createcontancts" name="contancts" time="9.011"/>
  <system-out/>
</testsuite> <!-- pomcreateorgan.createcontancts -->
