<?xml version="1.0" encoding="UTF-8"?>
<!-- Generated by org.testng.reporters.JUnitReportReporter -->
<testsuite hostname="LAPTOP-TKO3L4O5" failures="0" tests="1" name="testng.test0" time="0.018" errors="0" timestamp="2021-11-09T17:20:03 IST" skipped="0">
  <testcase classname="testng.test0" name="demo" time="0.018"/>
  <system-out>
    <![CDATA[helo
hi sudu]]>
  </system-out>
</testsuite> <!-- testng.test0 -->
