<?xml version="1.0" encoding="UTF-8"?>
<!-- Generated by org.testng.reporters.JUnitReportReporter -->
<testsuite hostname="LAPTOP-TKO3L4O5" failures="0" tests="1" name="testng.bf" time="10.172" errors="0" timestamp="2021-11-09T20:21:28 IST" skipped="0">
  <testcase classname="testng.bf" name="tc4" time="10.172"/>
  <system-out>
    <![CDATA[Facebook
https://www.facebook.com/pages/create/?ref_type=registration_form]]>
  </system-out>
</testsuite> <!-- testng.bf -->
