<?xml version="1.0" encoding="UTF-8"?>
<!-- Generated by org.testng.reporters.JUnitReportReporter -->
<testsuite hostname="LAPTOP-TKO3L4O5" failures="0" tests="1" name="propertyfile.readfromdata" time="0.053" errors="0" timestamp="2021-11-20T13:12:03 IST" skipped="0">
  <testcase classname="propertyfile.readfromdata" name="file" time="0.053"/>
  <system-out/>
</testsuite> <!-- propertyfile.readfromdata -->
