<?xml version="1.0" encoding="UTF-8"?>
<!-- Generated by org.testng.reporters.JUnitReportReporter -->
<testsuite hostname="LAPTOP-TKO3L4O5" failures="0" tests="7" name="testng.test2" time="0.047" errors="0" timestamp="2021-11-09T18:33:14 IST" skipped="0">
  <testcase classname="testng.test2" name="chats" time="0.019"/>
  <system-out>
    <![CDATA[chats]]>
  </system-out>
  <testcase classname="testng.test2" name="settings" time="0.002"/>
  <system-out>
    <![CDATA[settings]]>
  </system-out>
  <testcase classname="testng.test2" name="settings" time="0.006"/>
  <system-out>
    <![CDATA[settings]]>
  </system-out>
  <testcase classname="testng.test2" name="settings" time="0.008"/>
  <system-out>
    <![CDATA[settings]]>
  </system-out>
  <testcase classname="testng.test2" name="settings" time="0.005"/>
  <system-out>
    <![CDATA[settings]]>
  </system-out>
  <testcase classname="testng.test2" name="settings" time="0.005"/>
  <system-out>
    <![CDATA[settings]]>
  </system-out>
  <testcase classname="testng.test2" name="calls" time="0.002"/>
  <system-out>
    <![CDATA[calls]]>
  </system-out>
</testsuite> <!-- testng.test2 -->
